[16:56:24] [main/INFO] (FabricLoader/GameProvider) Loading Minecraft 1.21.1 with Fabric Loader 0.16.5
[16:56:24] [main/INFO] (FabricLoader) Loading 43 mods:
	- fabric-api 0.107.0+1.21.1
	- fabric-api-base 0.4.42+6573ed8c19
	- fabric-api-lookup-api-v1 1.6.69+b559734419
	- fabric-biome-api-v1 13.0.30+be1ed2d719
	- fabric-block-api-v1 1.0.22+0af3f5a719
	- fabric-block-view-api-v2 1.0.10+6573ed8c19
	- fabric-command-api-v1 1.2.49+f71b366f19
	- fabric-command-api-v2 2.2.28+6ced4dd919
	- fabric-commands-v0 0.2.66+df3654b319
	- fabric-content-registries-v0 8.0.17+b559734419
	- fabric-convention-tags-v1 2.1.1+7f945d5b19
	- fabric-convention-tags-v2 2.9.1+7fd4837519
	- fabric-crash-report-info-v1 0.2.29+0af3f5a719
	- fabric-data-attachment-api-v1 1.2.0+e49211d819
	- fabric-data-generation-api-v1 20.2.22+16c4ae2519
	- fabric-dimensions-v1 4.0.0+6fc22b9919
	- fabric-entity-events-v1 1.7.0+2122d82819
	- fabric-events-interaction-v0 0.7.13+ba9dae0619
	- fabric-game-rule-api-v1 1.0.53+6ced4dd919
	- fabric-gametest-api-v1 2.0.5+6fc22b9919
	- fabric-item-api-v1 11.1.1+d5debaed19
	- fabric-item-group-api-v1 4.1.6+6823f7cd19
	- fabric-lifecycle-events-v1 2.4.0+0f6c53cd19
	- fabric-loot-api-v2 3.0.15+3f89f5a519
	- fabric-loot-api-v3 1.0.3+3f89f5a519
	- fabric-message-api-v1 6.0.13+6573ed8c19
	- fabric-networking-api-v1 4.3.0+c7469b2119
	- fabric-object-builder-api-v1 15.2.1+40875a9319
	- fabric-particles-v1 4.0.2+6573ed8c19
	- fabric-recipe-api-v1 5.0.13+6508971219
	- fabric-registry-sync-v0 5.1.3+60c3209b19
	- fabric-rendering-data-attachment-v1 0.3.48+73761d2e19
	- fabric-rendering-fluids-v1 3.1.6+1daea21519
	- fabric-resource-conditions-api-v1 4.3.0+8dc279b119
	- fabric-resource-loader-v0 1.3.1+5b5275af19
	- fabric-screen-handler-api-v1 1.3.87+b559734419
	- fabric-transfer-api-v1 5.4.1+95bead5f19
	- fabric-transitive-access-wideners-v1 6.1.0+1daea21519
	- fabricloader 0.16.5
	- java 23
	- minecraft 1.21.1
	- mixinextras 0.4.1
	- randomitems 1.0
[16:56:24] [main/INFO] (FabricLoader/Mixin) SpongePowered MIXIN Subsystem Version=0.8.7 Source=file:/home/jtx/.gradle/caches/modules-2/files-2.1/net.fabricmc/sponge-mixin/0.15.3+mixin.0.8.7/51ee0a44ab05f6fddd66b09e66b3a16904f9c55d/sponge-mixin-0.15.3+mixin.0.8.7.jar Service=Knot/Fabric Env=SERVER
[16:56:24] [main/INFO] (FabricLoader/Mixin) Loaded Fabric development mappings for mixin remapper!
[16:56:24] [main/INFO] (FabricLoader/Mixin) Compatibility level set to JAVA_17
[16:56:24] [main/INFO] (FabricLoader/Mixin) Compatibility level set to JAVA_21
[16:56:25] [main/WARN] (FabricLoader/Mixin) Error loading class: java/lang/invoke/MethodHandles$Lookup (java.lang.IllegalArgumentException: Unsupported class file major version 67)
[16:56:25] [main/WARN] (FabricLoader/Mixin) Error loading class: java/lang/invoke/MethodHandles$Lookup (java.lang.IllegalArgumentException: Unsupported class file major version 67)
[16:56:25] [main/WARN] (FabricLoader/Mixin) Error loading class: java/util/Map$Entry (java.lang.IllegalArgumentException: Unsupported class file major version 67)
[16:56:25] [main/WARN] (FabricLoader/Mixin) Error loading class: java/lang/invoke/MethodHandles$Lookup (java.lang.IllegalArgumentException: Unsupported class file major version 67)
[16:56:25] [main/WARN] (FabricLoader/Mixin) Error loading class: java/lang/invoke/MethodHandles$Lookup (java.lang.IllegalArgumentException: Unsupported class file major version 67)
[16:56:25] [main/WARN] (FabricLoader/Mixin) Error loading class: java/lang/invoke/MethodHandles$Lookup (java.lang.IllegalArgumentException: Unsupported class file major version 67)
[16:56:25] [main/WARN] (FabricLoader/Mixin) Error loading class: java/lang/invoke/MethodHandles$Lookup (java.lang.IllegalArgumentException: Unsupported class file major version 67)
[16:56:25] [main/WARN] (FabricLoader/Mixin) Error loading class: java/lang/invoke/MethodHandles$Lookup (java.lang.IllegalArgumentException: Unsupported class file major version 67)
[16:56:25] [main/WARN] (FabricLoader/Mixin) Error loading class: java/lang/invoke/MethodHandles$Lookup (java.lang.IllegalArgumentException: Unsupported class file major version 67)
[16:56:25] [main/WARN] (FabricLoader/Mixin) Error loading class: java/lang/invoke/MethodHandles$Lookup (java.lang.IllegalArgumentException: Unsupported class file major version 67)
[16:56:25] [main/WARN] (FabricLoader/Mixin) Error loading class: java/lang/invoke/MethodHandles$Lookup (java.lang.IllegalArgumentException: Unsupported class file major version 67)
[16:56:25] [main/WARN] (FabricLoader/Mixin) Error loading class: java/lang/invoke/MethodHandles$Lookup (java.lang.IllegalArgumentException: Unsupported class file major version 67)
[16:56:25] [main/WARN] (FabricLoader/Mixin) Error loading class: java/lang/invoke/MethodHandles$Lookup (java.lang.IllegalArgumentException: Unsupported class file major version 67)
[16:56:25] [main/WARN] (FabricLoader/Mixin) Error loading class: java/lang/invoke/MethodHandles$Lookup (java.lang.IllegalArgumentException: Unsupported class file major version 67)
[16:56:25] [main/WARN] (FabricLoader/Mixin) Error loading class: java/lang/invoke/MethodHandles$Lookup (java.lang.IllegalArgumentException: Unsupported class file major version 67)
[16:56:25] [main/WARN] (FabricLoader/Mixin) Error loading class: java/lang/invoke/MethodHandles$Lookup (java.lang.IllegalArgumentException: Unsupported class file major version 67)
[16:56:25] [main/WARN] (FabricLoader/Mixin) Error loading class: java/lang/invoke/MethodHandles$Lookup (java.lang.IllegalArgumentException: Unsupported class file major version 67)
[16:56:25] [main/WARN] (FabricLoader/Mixin) Error loading class: java/lang/invoke/MethodHandles$Lookup (java.lang.IllegalArgumentException: Unsupported class file major version 67)
[16:56:25] [main/WARN] (FabricLoader/Mixin) Error loading class: java/util/Map$Entry (java.lang.IllegalArgumentException: Unsupported class file major version 67)
[16:56:25] [main/WARN] (FabricLoader/Mixin) Error loading class: java/lang/invoke/MethodHandles$Lookup (java.lang.IllegalArgumentException: Unsupported class file major version 67)
[16:56:25] [main/WARN] (FabricLoader/Mixin) Error loading class: java/lang/invoke/MethodHandles$Lookup (java.lang.IllegalArgumentException: Unsupported class file major version 67)
[16:56:25] [main/WARN] (FabricLoader/Mixin) Error loading class: java/lang/invoke/MethodHandles$Lookup (java.lang.IllegalArgumentException: Unsupported class file major version 67)
[16:56:25] [main/WARN] (FabricLoader/Mixin) Error loading class: java/lang/invoke/MethodHandles$Lookup (java.lang.IllegalArgumentException: Unsupported class file major version 67)
[16:56:25] [main/WARN] (FabricLoader/Mixin) Error loading class: java/lang/invoke/MethodHandles$Lookup (java.lang.IllegalArgumentException: Unsupported class file major version 67)
[16:56:25] [main/WARN] (FabricLoader/Mixin) Error loading class: java/lang/invoke/MethodHandles$Lookup (java.lang.IllegalArgumentException: Unsupported class file major version 67)
[16:56:25] [main/WARN] (FabricLoader/Mixin) Error loading class: java/lang/invoke/MethodHandles$Lookup (java.lang.IllegalArgumentException: Unsupported class file major version 67)
[16:56:25] [main/WARN] (FabricLoader/Mixin) Error loading class: java/lang/invoke/MethodHandles$Lookup (java.lang.IllegalArgumentException: Unsupported class file major version 67)
[16:56:25] [main/WARN] (FabricLoader/Mixin) Error loading class: java/lang/invoke/MethodHandles$Lookup (java.lang.IllegalArgumentException: Unsupported class file major version 67)
[16:56:25] [main/WARN] (FabricLoader/Mixin) Error loading class: java/util/Map$Entry (java.lang.IllegalArgumentException: Unsupported class file major version 67)
[16:56:25] [main/WARN] (FabricLoader/Mixin) Error loading class: java/lang/invoke/MethodHandles$Lookup (java.lang.IllegalArgumentException: Unsupported class file major version 67)
[16:56:25] [main/WARN] (FabricLoader/Mixin) Error loading class: java/lang/invoke/MethodHandles$Lookup (java.lang.IllegalArgumentException: Unsupported class file major version 67)
[16:56:25] [main/WARN] (FabricLoader/Mixin) Error loading class: java/lang/invoke/MethodHandles$Lookup (java.lang.IllegalArgumentException: Unsupported class file major version 67)
[16:56:25] [main/WARN] (FabricLoader/Mixin) Error loading class: java/lang/invoke/MethodHandles$Lookup (java.lang.IllegalArgumentException: Unsupported class file major version 67)
[16:56:25] [main/WARN] (FabricLoader/Mixin) Error loading class: java/lang/invoke/MethodHandles$Lookup (java.lang.IllegalArgumentException: Unsupported class file major version 67)
[16:56:25] [main/WARN] (FabricLoader/Mixin) Error loading class: java/lang/invoke/MethodHandles$Lookup (java.lang.IllegalArgumentException: Unsupported class file major version 67)
[16:56:25] [main/WARN] (FabricLoader/Mixin) Error loading class: java/lang/invoke/MethodHandles$Lookup (java.lang.IllegalArgumentException: Unsupported class file major version 67)
[16:56:25] [main/WARN] (FabricLoader/Mixin) Error loading class: java/util/Map$Entry (java.lang.IllegalArgumentException: Unsupported class file major version 67)
[16:56:25] [main/WARN] (FabricLoader/Mixin) Error loading class: java/lang/invoke/MethodHandles$Lookup (java.lang.IllegalArgumentException: Unsupported class file major version 67)
[16:56:25] [main/WARN] (FabricLoader/Mixin) Error loading class: java/lang/invoke/MethodHandles$Lookup (java.lang.IllegalArgumentException: Unsupported class file major version 67)
[16:56:25] [main/WARN] (FabricLoader/Mixin) Error loading class: java/lang/invoke/MethodHandles$Lookup (java.lang.IllegalArgumentException: Unsupported class file major version 67)
[16:56:25] [main/INFO] (FabricLoader/MixinExtras|Service) Initializing MixinExtras via com.llamalad7.mixinextras.service.MixinExtrasServiceImpl(version=0.4.1).
[16:56:25] [main/WARN] (FabricLoader/Mixin) Error loading class: java/lang/System (java.lang.IllegalArgumentException: Unsupported class file major version 67)
[16:56:25] [main/ERROR] (FabricLoader) Uncaught exception in thread "main"
java.lang.RuntimeException: Mixin transformation of net.minecraft.server.Main failed
	at net.fabricmc.loader.impl.launch.knot.KnotClassDelegate.getPostMixinClassByteArray(KnotClassDelegate.java:427) ~[fabric-loader-0.16.5.jar:?]
	at net.fabricmc.loader.impl.launch.knot.KnotClassDelegate.tryLoadClass(KnotClassDelegate.java:323) ~[fabric-loader-0.16.5.jar:?]
	at net.fabricmc.loader.impl.launch.knot.KnotClassDelegate.loadClass(KnotClassDelegate.java:218) ~[fabric-loader-0.16.5.jar:?]
	at net.fabricmc.loader.impl.launch.knot.KnotClassLoader.loadClass(KnotClassLoader.java:119) ~[fabric-loader-0.16.5.jar:?]
	at java.base/java.lang.ClassLoader.loadClass(ClassLoader.java:528) ~[?:?]
	at net.fabricmc.loader.impl.game.minecraft.MinecraftGameProvider.launch(MinecraftGameProvider.java:473) ~[fabric-loader-0.16.5.jar:?]
	at net.fabricmc.loader.impl.launch.knot.Knot.launch(Knot.java:74) ~[fabric-loader-0.16.5.jar:?]
	at net.fabricmc.loader.impl.launch.knot.KnotServer.main(KnotServer.java:23) ~[fabric-loader-0.16.5.jar:?]
	at net.fabricmc.devlaunchinjector.Main.main(Main.java:86) ~[dev-launch-injector-0.2.1+build.8.jar:?]
Caused by: org.spongepowered.asm.mixin.transformer.throwables.MixinTransformerError: An unexpected critical error was encountered
	at org.spongepowered.asm.mixin.transformer.MixinProcessor.applyMixins(MixinProcessor.java:392) ~[sponge-mixin-0.15.3+mixin.0.8.7.jar:0.15.3+mixin.0.8.7]
	at org.spongepowered.asm.mixin.transformer.MixinTransformer.transformClass(MixinTransformer.java:234) ~[sponge-mixin-0.15.3+mixin.0.8.7.jar:0.15.3+mixin.0.8.7]
	at org.spongepowered.asm.mixin.transformer.MixinTransformer.transformClassBytes(MixinTransformer.java:202) ~[sponge-mixin-0.15.3+mixin.0.8.7.jar:0.15.3+mixin.0.8.7]
	at net.fabricmc.loader.impl.launch.knot.KnotClassDelegate.getPostMixinClassByteArray(KnotClassDelegate.java:422) ~[fabric-loader-0.16.5.jar:?]
	... 8 more
Caused by: org.spongepowered.asm.mixin.transformer.throwables.MixinPreProcessorException: Attach error for fabric-gametest-api-v1.mixins.json:server.MainMixin from mod fabric-gametest-api-v1 during activity: [Transform -> Method exitOnError(Lorg/spongepowered/asm/mixin/injection/callback/CallbackInfo;)V -> INVOKESTATIC -> java/lang/System::exit:(I)V]
	at org.spongepowered.asm.mixin.transformer.MixinPreProcessorStandard.attach(MixinPreProcessorStandard.java:313) ~[sponge-mixin-0.15.3+mixin.0.8.7.jar:0.15.3+mixin.0.8.7]
	at org.spongepowered.asm.mixin.transformer.MixinPreProcessorStandard.createContextFor(MixinPreProcessorStandard.java:277) ~[sponge-mixin-0.15.3+mixin.0.8.7.jar:0.15.3+mixin.0.8.7]
	at org.spongepowered.asm.mixin.transformer.MixinInfo.createContextFor(MixinInfo.java:1292) ~[sponge-mixin-0.15.3+mixin.0.8.7.jar:0.15.3+mixin.0.8.7]
	at org.spongepowered.asm.mixin.transformer.MixinApplicatorStandard.apply(MixinApplicatorStandard.java:203) ~[sponge-mixin-0.15.3+mixin.0.8.7.jar:0.15.3+mixin.0.8.7]
	at org.spongepowered.asm.mixin.transformer.TargetClassContext.apply(TargetClassContext.java:437) ~[sponge-mixin-0.15.3+mixin.0.8.7.jar:0.15.3+mixin.0.8.7]
	at org.spongepowered.asm.mixin.transformer.TargetClassContext.applyMixins(TargetClassContext.java:418) ~[sponge-mixin-0.15.3+mixin.0.8.7.jar:0.15.3+mixin.0.8.7]
	at org.spongepowered.asm.mixin.transformer.MixinProcessor.applyMixins(MixinProcessor.java:363) ~[sponge-mixin-0.15.3+mixin.0.8.7.jar:0.15.3+mixin.0.8.7]
	at org.spongepowered.asm.mixin.transformer.MixinTransformer.transformClass(MixinTransformer.java:234) ~[sponge-mixin-0.15.3+mixin.0.8.7.jar:0.15.3+mixin.0.8.7]
	at org.spongepowered.asm.mixin.transformer.MixinTransformer.transformClassBytes(MixinTransformer.java:202) ~[sponge-mixin-0.15.3+mixin.0.8.7.jar:0.15.3+mixin.0.8.7]
	at net.fabricmc.loader.impl.launch.knot.KnotClassDelegate.getPostMixinClassByteArray(KnotClassDelegate.java:422) ~[fabric-loader-0.16.5.jar:?]
	... 8 more
Caused by: java.lang.RuntimeException: java.lang.ClassNotFoundException: java.lang.System
	at org.spongepowered.asm.mixin.transformer.MixinPreProcessorStandard.transformMemberReference(MixinPreProcessorStandard.java:791) ~[sponge-mixin-0.15.3+mixin.0.8.7.jar:0.15.3+mixin.0.8.7]
	at org.spongepowered.asm.mixin.transformer.MixinPreProcessorStandard.transformMethod(MixinPreProcessorStandard.java:777) ~[sponge-mixin-0.15.3+mixin.0.8.7.jar:0.15.3+mixin.0.8.7]
	at org.spongepowered.asm.mixin.transformer.MixinPreProcessorStandard.transform(MixinPreProcessorStandard.java:743) ~[sponge-mixin-0.15.3+mixin.0.8.7.jar:0.15.3+mixin.0.8.7]
	at org.spongepowered.asm.mixin.transformer.MixinPreProcessorStandard.attach(MixinPreProcessorStandard.java:307) ~[sponge-mixin-0.15.3+mixin.0.8.7.jar:0.15.3+mixin.0.8.7]
	at org.spongepowered.asm.mixin.transformer.MixinPreProcessorStandard.createContextFor(MixinPreProcessorStandard.java:277) ~[sponge-mixin-0.15.3+mixin.0.8.7.jar:0.15.3+mixin.0.8.7]
	at org.spongepowered.asm.mixin.transformer.MixinInfo.createContextFor(MixinInfo.java:1292) ~[sponge-mixin-0.15.3+mixin.0.8.7.jar:0.15.3+mixin.0.8.7]
	at org.spongepowered.asm.mixin.transformer.MixinApplicatorStandard.apply(MixinApplicatorStandard.java:203) ~[sponge-mixin-0.15.3+mixin.0.8.7.jar:0.15.3+mixin.0.8.7]
	at org.spongepowered.asm.mixin.transformer.TargetClassContext.apply(TargetClassContext.java:437) ~[sponge-mixin-0.15.3+mixin.0.8.7.jar:0.15.3+mixin.0.8.7]
	at org.spongepowered.asm.mixin.transformer.TargetClassContext.applyMixins(TargetClassContext.java:418) ~[sponge-mixin-0.15.3+mixin.0.8.7.jar:0.15.3+mixin.0.8.7]
	at org.spongepowered.asm.mixin.transformer.MixinProcessor.applyMixins(MixinProcessor.java:363) ~[sponge-mixin-0.15.3+mixin.0.8.7.jar:0.15.3+mixin.0.8.7]
	at org.spongepowered.asm.mixin.transformer.MixinTransformer.transformClass(MixinTransformer.java:234) ~[sponge-mixin-0.15.3+mixin.0.8.7.jar:0.15.3+mixin.0.8.7]
	at org.spongepowered.asm.mixin.transformer.MixinTransformer.transformClassBytes(MixinTransformer.java:202) ~[sponge-mixin-0.15.3+mixin.0.8.7.jar:0.15.3+mixin.0.8.7]
	at net.fabricmc.loader.impl.launch.knot.KnotClassDelegate.getPostMixinClassByteArray(KnotClassDelegate.java:422) ~[fabric-loader-0.16.5.jar:?]
	... 8 more
Caused by: java.lang.ClassNotFoundException: java.lang.System
	at org.spongepowered.asm.mixin.transformer.MixinPreProcessorStandard.transformMemberReference(MixinPreProcessorStandard.java:791) ~[sponge-mixin-0.15.3+mixin.0.8.7.jar:0.15.3+mixin.0.8.7]
	at org.spongepowered.asm.mixin.transformer.MixinPreProcessorStandard.transformMethod(MixinPreProcessorStandard.java:777) ~[sponge-mixin-0.15.3+mixin.0.8.7.jar:0.15.3+mixin.0.8.7]
	at org.spongepowered.asm.mixin.transformer.MixinPreProcessorStandard.transform(MixinPreProcessorStandard.java:743) ~[sponge-mixin-0.15.3+mixin.0.8.7.jar:0.15.3+mixin.0.8.7]
	at org.spongepowered.asm.mixin.transformer.MixinPreProcessorStandard.attach(MixinPreProcessorStandard.java:307) ~[sponge-mixin-0.15.3+mixin.0.8.7.jar:0.15.3+mixin.0.8.7]
	at org.spongepowered.asm.mixin.transformer.MixinPreProcessorStandard.createContextFor(MixinPreProcessorStandard.java:277) ~[sponge-mixin-0.15.3+mixin.0.8.7.jar:0.15.3+mixin.0.8.7]
	at org.spongepowered.asm.mixin.transformer.MixinInfo.createContextFor(MixinInfo.java:1292) ~[sponge-mixin-0.15.3+mixin.0.8.7.jar:0.15.3+mixin.0.8.7]
	at org.spongepowered.asm.mixin.transformer.MixinApplicatorStandard.apply(MixinApplicatorStandard.java:203) ~[sponge-mixin-0.15.3+mixin.0.8.7.jar:0.15.3+mixin.0.8.7]
	at org.spongepowered.asm.mixin.transformer.TargetClassContext.apply(TargetClassContext.java:437) ~[sponge-mixin-0.15.3+mixin.0.8.7.jar:0.15.3+mixin.0.8.7]
	at org.spongepowered.asm.mixin.transformer.TargetClassContext.applyMixins(TargetClassContext.java:418) ~[sponge-mixin-0.15.3+mixin.0.8.7.jar:0.15.3+mixin.0.8.7]
	at org.spongepowered.asm.mixin.transformer.MixinProcessor.applyMixins(MixinProcessor.java:363) ~[sponge-mixin-0.15.3+mixin.0.8.7.jar:0.15.3+mixin.0.8.7]
	at org.spongepowered.asm.mixin.transformer.MixinTransformer.transformClass(MixinTransformer.java:234) ~[sponge-mixin-0.15.3+mixin.0.8.7.jar:0.15.3+mixin.0.8.7]
	at org.spongepowered.asm.mixin.transformer.MixinTransformer.transformClassBytes(MixinTransformer.java:202) ~[sponge-mixin-0.15.3+mixin.0.8.7.jar:0.15.3+mixin.0.8.7]
	at net.fabricmc.loader.impl.launch.knot.KnotClassDelegate.getPostMixinClassByteArray(KnotClassDelegate.java:422) ~[fabric-loader-0.16.5.jar:?]
	... 8 more
